1586413955559	mozrunner::runner	INFO	Running command: "/usr/bin/firefox" "-marionette" "-foreground" "-no-remote" "-profile" "/tmp/rust_mozprofileHLFrRF"
1586413955783	addons.webextension.doh-rollout@mozilla.org	WARN	Loading extension 'doh-rollout@mozilla.org': Reading manifest: Invalid extension permission: networkStatus
1586413956116	addons.webextension.screenshots@mozilla.org	WARN	Loading extension 'screenshots@mozilla.org': Reading manifest: Invalid extension permission: mozillaAddons
1586413956116	addons.webextension.screenshots@mozilla.org	WARN	Loading extension 'screenshots@mozilla.org': Reading manifest: Invalid extension permission: telemetry
1586413956116	addons.webextension.screenshots@mozilla.org	WARN	Loading extension 'screenshots@mozilla.org': Reading manifest: Invalid extension permission: resource://pdf.js/
1586413956116	addons.webextension.screenshots@mozilla.org	WARN	Loading extension 'screenshots@mozilla.org': Reading manifest: Invalid extension permission: about:reader*

(firefox:47055): Gtk-WARNING **: 02:32:36.199: Theme directory 64/devices of theme Gruvbox has no size field


(/usr/lib/firefox/firefox:47137): Gtk-WARNING **: 02:32:36.585: Theme parsing error: gtk.css:68:35: The style property GtkButton:child-displacement-x is deprecated and shouldn't be used anymore. It will be removed in a future version

(/usr/lib/firefox/firefox:47137): Gtk-WARNING **: 02:32:36.585: Theme parsing error: gtk.css:69:35: The style property GtkButton:child-displacement-y is deprecated and shouldn't be used anymore. It will be removed in a future version

(/usr/lib/firefox/firefox:47137): Gtk-WARNING **: 02:32:36.585: Theme parsing error: gtk.css:71:36: The style property GtkCheckMenuItem:indicator-size is deprecated and shouldn't be used anymore. It will be removed in a future version

(/usr/lib/firefox/firefox:47137): Gtk-WARNING **: 02:32:36.585: Theme parsing error: gtk.css:76:30: The style property GtkExpander:expander-size is deprecated and shouldn't be used anymore. It will be removed in a future version

(/usr/lib/firefox/firefox:47185): Gtk-WARNING **: 02:32:36.774: Theme parsing error: gtk.css:68:35: The style property GtkButton:child-displacement-x is deprecated and shouldn't be used anymore. It will be removed in a future version

(/usr/lib/firefox/firefox:47185): Gtk-WARNING **: 02:32:36.774: Theme parsing error: gtk.css:69:35: The style property GtkButton:child-displacement-y is deprecated and shouldn't be used anymore. It will be removed in a future version

(/usr/lib/firefox/firefox:47185): Gtk-WARNING **: 02:32:36.775: Theme parsing error: gtk.css:71:36: The style property GtkCheckMenuItem:indicator-size is deprecated and shouldn't be used anymore. It will be removed in a future version

(/usr/lib/firefox/firefox:47185): Gtk-WARNING **: 02:32:36.775: Theme parsing error: gtk.css:76:30: The style property GtkExpander:expander-size is deprecated and shouldn't be used anymore. It will be removed in a future version
1586413957977	Marionette	INFO	Listening on port 34605
1586413958066	Marionette	WARN	TLS certificate errors will be ignored for this session
Exiting due to channel error.
Exiting due to channel error.
Exiting due to channel error.
1586414115206	mozrunner::runner	INFO	Running command: "/usr/bin/firefox" "-marionette" "-foreground" "-no-remote" "-profile" "/tmp/rust_mozprofileIV3es7"
1586414115476	addons.webextension.doh-rollout@mozilla.org	WARN	Loading extension 'doh-rollout@mozilla.org': Reading manifest: Invalid extension permission: networkStatus
1586414115802	addons.webextension.screenshots@mozilla.org	WARN	Loading extension 'screenshots@mozilla.org': Reading manifest: Invalid extension permission: mozillaAddons
1586414115802	addons.webextension.screenshots@mozilla.org	WARN	Loading extension 'screenshots@mozilla.org': Reading manifest: Invalid extension permission: telemetry
1586414115803	addons.webextension.screenshots@mozilla.org	WARN	Loading extension 'screenshots@mozilla.org': Reading manifest: Invalid extension permission: resource://pdf.js/
1586414115803	addons.webextension.screenshots@mozilla.org	WARN	Loading extension 'screenshots@mozilla.org': Reading manifest: Invalid extension permission: about:reader*

(firefox:47566): Gtk-WARNING **: 02:35:15.926: Theme directory 64/devices of theme Gruvbox has no size field


(/usr/lib/firefox/firefox:47644): Gtk-WARNING **: 02:35:16.564: Theme parsing error: gtk.css:68:35: The style property GtkButton:child-displacement-x is deprecated and shouldn't be used anymore. It will be removed in a future version

(/usr/lib/firefox/firefox:47644): Gtk-WARNING **: 02:35:16.564: Theme parsing error: gtk.css:69:35: The style property GtkButton:child-displacement-y is deprecated and shouldn't be used anymore. It will be removed in a future version

(/usr/lib/firefox/firefox:47644): Gtk-WARNING **: 02:35:16.564: Theme parsing error: gtk.css:71:36: The style property GtkCheckMenuItem:indicator-size is deprecated and shouldn't be used anymore. It will be removed in a future version

(/usr/lib/firefox/firefox:47644): Gtk-WARNING **: 02:35:16.564: Theme parsing error: gtk.css:76:30: The style property GtkExpander:expander-size is deprecated and shouldn't be used anymore. It will be removed in a future version

(/usr/lib/firefox/firefox:47717): Gtk-WARNING **: 02:35:16.789: Theme parsing error: gtk.css:68:35: The style property GtkButton:child-displacement-x is deprecated and shouldn't be used anymore. It will be removed in a future version

(/usr/lib/firefox/firefox:47717): Gtk-WARNING **: 02:35:16.790: Theme parsing error: gtk.css:69:35: The style property GtkButton:child-displacement-y is deprecated and shouldn't be used anymore. It will be removed in a future version

(/usr/lib/firefox/firefox:47717): Gtk-WARNING **: 02:35:16.790: Theme parsing error: gtk.css:71:36: The style property GtkCheckMenuItem:indicator-size is deprecated and shouldn't be used anymore. It will be removed in a future version

(/usr/lib/firefox/firefox:47717): Gtk-WARNING **: 02:35:16.791: Theme parsing error: gtk.css:76:30: The style property GtkExpander:expander-size is deprecated and shouldn't be used anymore. It will be removed in a future version
1586414118437	Marionette	INFO	Listening on port 34731
1586414118515	Marionette	WARN	TLS certificate errors will be ignored for this session
Exiting due to channel error.
Exiting due to channel error.
Exiting due to channel error.
1586414155403	mozrunner::runner	INFO	Running command: "/usr/bin/firefox" "-marionette" "-foreground" "-no-remote" "-profile" "/tmp/rust_mozprofile3XnqEF"
1586414155776	addons.webextension.doh-rollout@mozilla.org	WARN	Loading extension 'doh-rollout@mozilla.org': Reading manifest: Invalid extension permission: networkStatus
1586414156267	addons.webextension.screenshots@mozilla.org	WARN	Loading extension 'screenshots@mozilla.org': Reading manifest: Invalid extension permission: mozillaAddons
1586414156267	addons.webextension.screenshots@mozilla.org	WARN	Loading extension 'screenshots@mozilla.org': Reading manifest: Invalid extension permission: telemetry
1586414156267	addons.webextension.screenshots@mozilla.org	WARN	Loading extension 'screenshots@mozilla.org': Reading manifest: Invalid extension permission: resource://pdf.js/
1586414156267	addons.webextension.screenshots@mozilla.org	WARN	Loading extension 'screenshots@mozilla.org': Reading manifest: Invalid extension permission: about:reader*

(firefox:47922): Gtk-WARNING **: 02:35:56.401: Theme directory 64/devices of theme Gruvbox has no size field


(/usr/lib/firefox/firefox:48007): Gtk-WARNING **: 02:35:56.997: Theme parsing error: gtk.css:68:35: The style property GtkButton:child-displacement-x is deprecated and shouldn't be used anymore. It will be removed in a future version

(/usr/lib/firefox/firefox:48007): Gtk-WARNING **: 02:35:56.997: Theme parsing error: gtk.css:69:35: The style property GtkButton:child-displacement-y is deprecated and shouldn't be used anymore. It will be removed in a future version

(/usr/lib/firefox/firefox:48007): Gtk-WARNING **: 02:35:56.997: Theme parsing error: gtk.css:71:36: The style property GtkCheckMenuItem:indicator-size is deprecated and shouldn't be used anymore. It will be removed in a future version

(/usr/lib/firefox/firefox:48007): Gtk-WARNING **: 02:35:56.998: Theme parsing error: gtk.css:76:30: The style property GtkExpander:expander-size is deprecated and shouldn't be used anymore. It will be removed in a future version

(/usr/lib/firefox/firefox:48057): Gtk-WARNING **: 02:35:57.170: Theme parsing error: gtk.css:68:35: The style property GtkButton:child-displacement-x is deprecated and shouldn't be used anymore. It will be removed in a future version

(/usr/lib/firefox/firefox:48057): Gtk-WARNING **: 02:35:57.171: Theme parsing error: gtk.css:69:35: The style property GtkButton:child-displacement-y is deprecated and shouldn't be used anymore. It will be removed in a future version

(/usr/lib/firefox/firefox:48057): Gtk-WARNING **: 02:35:57.171: Theme parsing error: gtk.css:71:36: The style property GtkCheckMenuItem:indicator-size is deprecated and shouldn't be used anymore. It will be removed in a future version

(/usr/lib/firefox/firefox:48057): Gtk-WARNING **: 02:35:57.171: Theme parsing error: gtk.css:76:30: The style property GtkExpander:expander-size is deprecated and shouldn't be used anymore. It will be removed in a future version
1586414158600	Marionette	INFO	Listening on port 38333
1586414158615	Marionette	WARN	TLS certificate errors will be ignored for this session
Exiting due to channel error.
Exiting due to channel error.
Exiting due to channel error.
1586414533839	mozrunner::runner	INFO	Running command: "/usr/bin/firefox" "-marionette" "-foreground" "-no-remote" "-profile" "/tmp/rust_mozprofilehI6QDR"
1586414534075	addons.webextension.doh-rollout@mozilla.org	WARN	Loading extension 'doh-rollout@mozilla.org': Reading manifest: Invalid extension permission: networkStatus
1586414534396	addons.webextension.screenshots@mozilla.org	WARN	Loading extension 'screenshots@mozilla.org': Reading manifest: Invalid extension permission: mozillaAddons
1586414534396	addons.webextension.screenshots@mozilla.org	WARN	Loading extension 'screenshots@mozilla.org': Reading manifest: Invalid extension permission: telemetry
1586414534396	addons.webextension.screenshots@mozilla.org	WARN	Loading extension 'screenshots@mozilla.org': Reading manifest: Invalid extension permission: resource://pdf.js/
1586414534396	addons.webextension.screenshots@mozilla.org	WARN	Loading extension 'screenshots@mozilla.org': Reading manifest: Invalid extension permission: about:reader*

(firefox:48598): Gtk-WARNING **: 02:42:14.480: Theme directory 64/devices of theme Gruvbox has no size field


(/usr/lib/firefox/firefox:48681): Gtk-WARNING **: 02:42:14.903: Theme parsing error: gtk.css:68:35: The style property GtkButton:child-displacement-x is deprecated and shouldn't be used anymore. It will be removed in a future version

(/usr/lib/firefox/firefox:48681): Gtk-WARNING **: 02:42:14.903: Theme parsing error: gtk.css:69:35: The style property GtkButton:child-displacement-y is deprecated and shouldn't be used anymore. It will be removed in a future version

(/usr/lib/firefox/firefox:48681): Gtk-WARNING **: 02:42:14.903: Theme parsing error: gtk.css:71:36: The style property GtkCheckMenuItem:indicator-size is deprecated and shouldn't be used anymore. It will be removed in a future version

(/usr/lib/firefox/firefox:48681): Gtk-WARNING **: 02:42:14.903: Theme parsing error: gtk.css:76:30: The style property GtkExpander:expander-size is deprecated and shouldn't be used anymore. It will be removed in a future version

(/usr/lib/firefox/firefox:48732): Gtk-WARNING **: 02:42:15.065: Theme parsing error: gtk.css:68:35: The style property GtkButton:child-displacement-x is deprecated and shouldn't be used anymore. It will be removed in a future version

(/usr/lib/firefox/firefox:48732): Gtk-WARNING **: 02:42:15.065: Theme parsing error: gtk.css:69:35: The style property GtkButton:child-displacement-y is deprecated and shouldn't be used anymore. It will be removed in a future version

(/usr/lib/firefox/firefox:48732): Gtk-WARNING **: 02:42:15.065: Theme parsing error: gtk.css:71:36: The style property GtkCheckMenuItem:indicator-size is deprecated and shouldn't be used anymore. It will be removed in a future version

(/usr/lib/firefox/firefox:48732): Gtk-WARNING **: 02:42:15.066: Theme parsing error: gtk.css:76:30: The style property GtkExpander:expander-size is deprecated and shouldn't be used anymore. It will be removed in a future version
1586414536257	Marionette	INFO	Listening on port 35589
1586414536344	Marionette	WARN	TLS certificate errors will be ignored for this session
Exiting due to channel error.
Exiting due to channel error.
Exiting due to channel error.
1586414569818	mozrunner::runner	INFO	Running command: "/usr/bin/firefox" "-marionette" "-foreground" "-no-remote" "-profile" "/tmp/rust_mozprofileMeLQ1F"
1586414570024	addons.webextension.doh-rollout@mozilla.org	WARN	Loading extension 'doh-rollout@mozilla.org': Reading manifest: Invalid extension permission: networkStatus
1586414570336	addons.webextension.screenshots@mozilla.org	WARN	Loading extension 'screenshots@mozilla.org': Reading manifest: Invalid extension permission: mozillaAddons
1586414570336	addons.webextension.screenshots@mozilla.org	WARN	Loading extension 'screenshots@mozilla.org': Reading manifest: Invalid extension permission: telemetry
1586414570336	addons.webextension.screenshots@mozilla.org	WARN	Loading extension 'screenshots@mozilla.org': Reading manifest: Invalid extension permission: resource://pdf.js/
1586414570336	addons.webextension.screenshots@mozilla.org	WARN	Loading extension 'screenshots@mozilla.org': Reading manifest: Invalid extension permission: about:reader*

(firefox:48977): Gtk-WARNING **: 02:42:50.420: Theme directory 64/devices of theme Gruvbox has no size field


(/usr/lib/firefox/firefox:49047): Gtk-WARNING **: 02:42:50.830: Theme parsing error: gtk.css:68:35: The style property GtkButton:child-displacement-x is deprecated and shouldn't be used anymore. It will be removed in a future version

(/usr/lib/firefox/firefox:49047): Gtk-WARNING **: 02:42:50.830: Theme parsing error: gtk.css:69:35: The style property GtkButton:child-displacement-y is deprecated and shouldn't be used anymore. It will be removed in a future version

(/usr/lib/firefox/firefox:49047): Gtk-WARNING **: 02:42:50.830: Theme parsing error: gtk.css:71:36: The style property GtkCheckMenuItem:indicator-size is deprecated and shouldn't be used anymore. It will be removed in a future version

(/usr/lib/firefox/firefox:49047): Gtk-WARNING **: 02:42:50.830: Theme parsing error: gtk.css:76:30: The style property GtkExpander:expander-size is deprecated and shouldn't be used anymore. It will be removed in a future version

(/usr/lib/firefox/firefox:49098): Gtk-WARNING **: 02:42:50.998: Theme parsing error: gtk.css:68:35: The style property GtkButton:child-displacement-x is deprecated and shouldn't be used anymore. It will be removed in a future version

(/usr/lib/firefox/firefox:49098): Gtk-WARNING **: 02:42:50.999: Theme parsing error: gtk.css:69:35: The style property GtkButton:child-displacement-y is deprecated and shouldn't be used anymore. It will be removed in a future version

(/usr/lib/firefox/firefox:49098): Gtk-WARNING **: 02:42:50.999: Theme parsing error: gtk.css:71:36: The style property GtkCheckMenuItem:indicator-size is deprecated and shouldn't be used anymore. It will be removed in a future version

(/usr/lib/firefox/firefox:49098): Gtk-WARNING **: 02:42:50.999: Theme parsing error: gtk.css:76:30: The style property GtkExpander:expander-size is deprecated and shouldn't be used anymore. It will be removed in a future version
1586414572259	Marionette	INFO	Listening on port 40639
1586414572325	Marionette	WARN	TLS certificate errors will be ignored for this session
Exiting due to channel error.
Exiting due to channel error.
Exiting due to channel error.
1586414622365	mozrunner::runner	INFO	Running command: "/usr/bin/firefox" "-marionette" "-foreground" "-no-remote" "-profile" "/tmp/rust_mozprofilexmzK5y"
1586414622602	addons.webextension.doh-rollout@mozilla.org	WARN	Loading extension 'doh-rollout@mozilla.org': Reading manifest: Invalid extension permission: networkStatus
1586414622917	addons.webextension.screenshots@mozilla.org	WARN	Loading extension 'screenshots@mozilla.org': Reading manifest: Invalid extension permission: mozillaAddons
1586414622917	addons.webextension.screenshots@mozilla.org	WARN	Loading extension 'screenshots@mozilla.org': Reading manifest: Invalid extension permission: telemetry
1586414622918	addons.webextension.screenshots@mozilla.org	WARN	Loading extension 'screenshots@mozilla.org': Reading manifest: Invalid extension permission: resource://pdf.js/
1586414622918	addons.webextension.screenshots@mozilla.org	WARN	Loading extension 'screenshots@mozilla.org': Reading manifest: Invalid extension permission: about:reader*

(firefox:49421): Gtk-WARNING **: 02:43:43.113: Theme directory 64/devices of theme Gruvbox has no size field


(/usr/lib/firefox/firefox:49502): Gtk-WARNING **: 02:43:43.730: Theme parsing error: gtk.css:68:35: The style property GtkButton:child-displacement-x is deprecated and shouldn't be used anymore. It will be removed in a future version

(/usr/lib/firefox/firefox:49502): Gtk-WARNING **: 02:43:43.730: Theme parsing error: gtk.css:69:35: The style property GtkButton:child-displacement-y is deprecated and shouldn't be used anymore. It will be removed in a future version

(/usr/lib/firefox/firefox:49502): Gtk-WARNING **: 02:43:43.730: Theme parsing error: gtk.css:71:36: The style property GtkCheckMenuItem:indicator-size is deprecated and shouldn't be used anymore. It will be removed in a future version

(/usr/lib/firefox/firefox:49502): Gtk-WARNING **: 02:43:43.731: Theme parsing error: gtk.css:76:30: The style property GtkExpander:expander-size is deprecated and shouldn't be used anymore. It will be removed in a future version

(/usr/lib/firefox/firefox:49561): Gtk-WARNING **: 02:43:43.845: Theme parsing error: gtk.css:68:35: The style property GtkButton:child-displacement-x is deprecated and shouldn't be used anymore. It will be removed in a future version

(/usr/lib/firefox/firefox:49561): Gtk-WARNING **: 02:43:43.845: Theme parsing error: gtk.css:69:35: The style property GtkButton:child-displacement-y is deprecated and shouldn't be used anymore. It will be removed in a future version

(/usr/lib/firefox/firefox:49561): Gtk-WARNING **: 02:43:43.846: Theme parsing error: gtk.css:71:36: The style property GtkCheckMenuItem:indicator-size is deprecated and shouldn't be used anymore. It will be removed in a future version

(/usr/lib/firefox/firefox:49561): Gtk-WARNING **: 02:43:43.846: Theme parsing error: gtk.css:76:30: The style property GtkExpander:expander-size is deprecated and shouldn't be used anymore. It will be removed in a future version
1586414625572	Marionette	INFO	Listening on port 33399
1586414625579	Marionette	WARN	TLS certificate errors will be ignored for this session
Exiting due to channel error.
1586414688327	mozrunner::runner	INFO	Running command: "/usr/bin/firefox" "-marionette" "-foreground" "-no-remote" "-profile" "/tmp/rust_mozprofile3NqRyi"
1586414688531	addons.webextension.doh-rollout@mozilla.org	WARN	Loading extension 'doh-rollout@mozilla.org': Reading manifest: Invalid extension permission: networkStatus
1586414688847	addons.webextension.screenshots@mozilla.org	WARN	Loading extension 'screenshots@mozilla.org': Reading manifest: Invalid extension permission: mozillaAddons
1586414688847	addons.webextension.screenshots@mozilla.org	WARN	Loading extension 'screenshots@mozilla.org': Reading manifest: Invalid extension permission: telemetry
1586414688847	addons.webextension.screenshots@mozilla.org	WARN	Loading extension 'screenshots@mozilla.org': Reading manifest: Invalid extension permission: resource://pdf.js/
1586414688847	addons.webextension.screenshots@mozilla.org	WARN	Loading extension 'screenshots@mozilla.org': Reading manifest: Invalid extension permission: about:reader*

(firefox:49842): Gtk-WARNING **: 02:44:48.931: Theme directory 64/devices of theme Gruvbox has no size field


(/usr/lib/firefox/firefox:49914): Gtk-WARNING **: 02:44:49.335: Theme parsing error: gtk.css:68:35: The style property GtkButton:child-displacement-x is deprecated and shouldn't be used anymore. It will be removed in a future version

(/usr/lib/firefox/firefox:49914): Gtk-WARNING **: 02:44:49.335: Theme parsing error: gtk.css:69:35: The style property GtkButton:child-displacement-y is deprecated and shouldn't be used anymore. It will be removed in a future version

(/usr/lib/firefox/firefox:49914): Gtk-WARNING **: 02:44:49.335: Theme parsing error: gtk.css:71:36: The style property GtkCheckMenuItem:indicator-size is deprecated and shouldn't be used anymore. It will be removed in a future version

(/usr/lib/firefox/firefox:49914): Gtk-WARNING **: 02:44:49.335: Theme parsing error: gtk.css:76:30: The style property GtkExpander:expander-size is deprecated and shouldn't be used anymore. It will be removed in a future version

(/usr/lib/firefox/firefox:49957): Gtk-WARNING **: 02:44:49.533: Theme parsing error: gtk.css:68:35: The style property GtkButton:child-displacement-x is deprecated and shouldn't be used anymore. It will be removed in a future version

(/usr/lib/firefox/firefox:49957): Gtk-WARNING **: 02:44:49.533: Theme parsing error: gtk.css:69:35: The style property GtkButton:child-displacement-y is deprecated and shouldn't be used anymore. It will be removed in a future version

(/usr/lib/firefox/firefox:49957): Gtk-WARNING **: 02:44:49.534: Theme parsing error: gtk.css:71:36: The style property GtkCheckMenuItem:indicator-size is deprecated and shouldn't be used anymore. It will be removed in a future version

(/usr/lib/firefox/firefox:49957): Gtk-WARNING **: 02:44:49.534: Theme parsing error: gtk.css:76:30: The style property GtkExpander:expander-size is deprecated and shouldn't be used anymore. It will be removed in a future version
1586414690720	Marionette	INFO	Listening on port 42955
1586414690739	Marionette	WARN	TLS certificate errors will be ignored for this session
Exiting due to channel error.
Exiting due to channel error.
Exiting due to channel error.
1586414956044	mozrunner::runner	INFO	Running command: "/usr/bin/firefox" "-marionette" "-foreground" "-no-remote" "-profile" "/tmp/rust_mozprofileiG0Uhf"
1586414956289	addons.webextension.doh-rollout@mozilla.org	WARN	Loading extension 'doh-rollout@mozilla.org': Reading manifest: Invalid extension permission: networkStatus
1586414956625	addons.webextension.screenshots@mozilla.org	WARN	Loading extension 'screenshots@mozilla.org': Reading manifest: Invalid extension permission: mozillaAddons
1586414956625	addons.webextension.screenshots@mozilla.org	WARN	Loading extension 'screenshots@mozilla.org': Reading manifest: Invalid extension permission: telemetry
1586414956626	addons.webextension.screenshots@mozilla.org	WARN	Loading extension 'screenshots@mozilla.org': Reading manifest: Invalid extension permission: resource://pdf.js/
1586414956626	addons.webextension.screenshots@mozilla.org	WARN	Loading extension 'screenshots@mozilla.org': Reading manifest: Invalid extension permission: about:reader*

(firefox:50547): Gtk-WARNING **: 02:49:16.711: Theme directory 64/devices of theme Gruvbox has no size field


(/usr/lib/firefox/firefox:50627): Gtk-WARNING **: 02:49:17.198: Theme parsing error: gtk.css:68:35: The style property GtkButton:child-displacement-x is deprecated and shouldn't be used anymore. It will be removed in a future version

(/usr/lib/firefox/firefox:50627): Gtk-WARNING **: 02:49:17.198: Theme parsing error: gtk.css:69:35: The style property GtkButton:child-displacement-y is deprecated and shouldn't be used anymore. It will be removed in a future version

(/usr/lib/firefox/firefox:50627): Gtk-WARNING **: 02:49:17.198: Theme parsing error: gtk.css:71:36: The style property GtkCheckMenuItem:indicator-size is deprecated and shouldn't be used anymore. It will be removed in a future version

(/usr/lib/firefox/firefox:50627): Gtk-WARNING **: 02:49:17.198: Theme parsing error: gtk.css:76:30: The style property GtkExpander:expander-size is deprecated and shouldn't be used anymore. It will be removed in a future version

(/usr/lib/firefox/firefox:50672): Gtk-WARNING **: 02:49:17.368: Theme parsing error: gtk.css:68:35: The style property GtkButton:child-displacement-x is deprecated and shouldn't be used anymore. It will be removed in a future version

(/usr/lib/firefox/firefox:50672): Gtk-WARNING **: 02:49:17.368: Theme parsing error: gtk.css:69:35: The style property GtkButton:child-displacement-y is deprecated and shouldn't be used anymore. It will be removed in a future version

(/usr/lib/firefox/firefox:50672): Gtk-WARNING **: 02:49:17.369: Theme parsing error: gtk.css:71:36: The style property GtkCheckMenuItem:indicator-size is deprecated and shouldn't be used anymore. It will be removed in a future version

(/usr/lib/firefox/firefox:50672): Gtk-WARNING **: 02:49:17.369: Theme parsing error: gtk.css:76:30: The style property GtkExpander:expander-size is deprecated and shouldn't be used anymore. It will be removed in a future version
1586414958727	Marionette	INFO	Listening on port 44961
1586414958766	Marionette	WARN	TLS certificate errors will be ignored for this session
Exiting due to channel error.
Exiting due to channel error.
Exiting due to channel error.
1586415012415	mozrunner::runner	INFO	Running command: "/usr/bin/firefox" "-marionette" "-foreground" "-no-remote" "-profile" "/tmp/rust_mozprofileL4HqB9"
1586415012614	addons.webextension.doh-rollout@mozilla.org	WARN	Loading extension 'doh-rollout@mozilla.org': Reading manifest: Invalid extension permission: networkStatus
1586415012932	addons.webextension.screenshots@mozilla.org	WARN	Loading extension 'screenshots@mozilla.org': Reading manifest: Invalid extension permission: mozillaAddons
1586415012932	addons.webextension.screenshots@mozilla.org	WARN	Loading extension 'screenshots@mozilla.org': Reading manifest: Invalid extension permission: telemetry
1586415012932	addons.webextension.screenshots@mozilla.org	WARN	Loading extension 'screenshots@mozilla.org': Reading manifest: Invalid extension permission: resource://pdf.js/
1586415012932	addons.webextension.screenshots@mozilla.org	WARN	Loading extension 'screenshots@mozilla.org': Reading manifest: Invalid extension permission: about:reader*

(firefox:50916): Gtk-WARNING **: 02:50:13.017: Theme directory 64/devices of theme Gruvbox has no size field


(/usr/lib/firefox/firefox:50992): Gtk-WARNING **: 02:50:13.444: Theme parsing error: gtk.css:68:35: The style property GtkButton:child-displacement-x is deprecated and shouldn't be used anymore. It will be removed in a future version

(/usr/lib/firefox/firefox:50992): Gtk-WARNING **: 02:50:13.444: Theme parsing error: gtk.css:69:35: The style property GtkButton:child-displacement-y is deprecated and shouldn't be used anymore. It will be removed in a future version

(/usr/lib/firefox/firefox:50992): Gtk-WARNING **: 02:50:13.444: Theme parsing error: gtk.css:71:36: The style property GtkCheckMenuItem:indicator-size is deprecated and shouldn't be used anymore. It will be removed in a future version

(/usr/lib/firefox/firefox:50992): Gtk-WARNING **: 02:50:13.444: Theme parsing error: gtk.css:76:30: The style property GtkExpander:expander-size is deprecated and shouldn't be used anymore. It will be removed in a future version

(/usr/lib/firefox/firefox:51042): Gtk-WARNING **: 02:50:13.593: Theme parsing error: gtk.css:68:35: The style property GtkButton:child-displacement-x is deprecated and shouldn't be used anymore. It will be removed in a future version

(/usr/lib/firefox/firefox:51042): Gtk-WARNING **: 02:50:13.594: Theme parsing error: gtk.css:69:35: The style property GtkButton:child-displacement-y is deprecated and shouldn't be used anymore. It will be removed in a future version

(/usr/lib/firefox/firefox:51042): Gtk-WARNING **: 02:50:13.594: Theme parsing error: gtk.css:71:36: The style property GtkCheckMenuItem:indicator-size is deprecated and shouldn't be used anymore. It will be removed in a future version

(/usr/lib/firefox/firefox:51042): Gtk-WARNING **: 02:50:13.594: Theme parsing error: gtk.css:76:30: The style property GtkExpander:expander-size is deprecated and shouldn't be used anymore. It will be removed in a future version
1586415014893	Marionette	INFO	Listening on port 42369
1586415014921	Marionette	WARN	TLS certificate errors will be ignored for this session
Exiting due to channel error.
Exiting due to channel error.
Exiting due to channel error.
1586415080438	mozrunner::runner	INFO	Running command: "/usr/bin/firefox" "-marionette" "-foreground" "-no-remote" "-profile" "/tmp/rust_mozprofilefM5vvz"
1586415080644	addons.webextension.doh-rollout@mozilla.org	WARN	Loading extension 'doh-rollout@mozilla.org': Reading manifest: Invalid extension permission: networkStatus
1586415080930	addons.webextension.screenshots@mozilla.org	WARN	Loading extension 'screenshots@mozilla.org': Reading manifest: Invalid extension permission: mozillaAddons
1586415080930	addons.webextension.screenshots@mozilla.org	WARN	Loading extension 'screenshots@mozilla.org': Reading manifest: Invalid extension permission: telemetry
1586415080930	addons.webextension.screenshots@mozilla.org	WARN	Loading extension 'screenshots@mozilla.org': Reading manifest: Invalid extension permission: resource://pdf.js/
1586415080930	addons.webextension.screenshots@mozilla.org	WARN	Loading extension 'screenshots@mozilla.org': Reading manifest: Invalid extension permission: about:reader*

(firefox:51405): Gtk-WARNING **: 02:51:21.017: Theme directory 64/devices of theme Gruvbox has no size field


(/usr/lib/firefox/firefox:51476): Gtk-WARNING **: 02:51:21.424: Theme parsing error: gtk.css:68:35: The style property GtkButton:child-displacement-x is deprecated and shouldn't be used anymore. It will be removed in a future version

(/usr/lib/firefox/firefox:51476): Gtk-WARNING **: 02:51:21.424: Theme parsing error: gtk.css:69:35: The style property GtkButton:child-displacement-y is deprecated and shouldn't be used anymore. It will be removed in a future version

(/usr/lib/firefox/firefox:51476): Gtk-WARNING **: 02:51:21.424: Theme parsing error: gtk.css:71:36: The style property GtkCheckMenuItem:indicator-size is deprecated and shouldn't be used anymore. It will be removed in a future version

(/usr/lib/firefox/firefox:51476): Gtk-WARNING **: 02:51:21.424: Theme parsing error: gtk.css:76:30: The style property GtkExpander:expander-size is deprecated and shouldn't be used anymore. It will be removed in a future version

(/usr/lib/firefox/firefox:51525): Gtk-WARNING **: 02:51:21.611: Theme parsing error: gtk.css:68:35: The style property GtkButton:child-displacement-x is deprecated and shouldn't be used anymore. It will be removed in a future version

(/usr/lib/firefox/firefox:51525): Gtk-WARNING **: 02:51:21.612: Theme parsing error: gtk.css:69:35: The style property GtkButton:child-displacement-y is deprecated and shouldn't be used anymore. It will be removed in a future version

(/usr/lib/firefox/firefox:51525): Gtk-WARNING **: 02:51:21.612: Theme parsing error: gtk.css:71:36: The style property GtkCheckMenuItem:indicator-size is deprecated and shouldn't be used anymore. It will be removed in a future version

(/usr/lib/firefox/firefox:51525): Gtk-WARNING **: 02:51:21.612: Theme parsing error: gtk.css:76:30: The style property GtkExpander:expander-size is deprecated and shouldn't be used anymore. It will be removed in a future version
1586415082838	Marionette	INFO	Listening on port 43437
1586415082855	Marionette	WARN	TLS certificate errors will be ignored for this session
Exiting due to channel error.
Exiting due to channel error.
Exiting due to channel error.
1586415138305	mozrunner::runner	INFO	Running command: "/usr/bin/firefox" "-marionette" "-foreground" "-no-remote" "-profile" "/tmp/rust_mozprofileUxx1RI"
1586415138516	addons.webextension.doh-rollout@mozilla.org	WARN	Loading extension 'doh-rollout@mozilla.org': Reading manifest: Invalid extension permission: networkStatus
1586415138848	addons.webextension.screenshots@mozilla.org	WARN	Loading extension 'screenshots@mozilla.org': Reading manifest: Invalid extension permission: mozillaAddons
1586415138848	addons.webextension.screenshots@mozilla.org	WARN	Loading extension 'screenshots@mozilla.org': Reading manifest: Invalid extension permission: telemetry
1586415138848	addons.webextension.screenshots@mozilla.org	WARN	Loading extension 'screenshots@mozilla.org': Reading manifest: Invalid extension permission: resource://pdf.js/
1586415138848	addons.webextension.screenshots@mozilla.org	WARN	Loading extension 'screenshots@mozilla.org': Reading manifest: Invalid extension permission: about:reader*

(firefox:51849): Gtk-WARNING **: 02:52:18.939: Theme directory 64/devices of theme Gruvbox has no size field


(/usr/lib/firefox/firefox:51919): Gtk-WARNING **: 02:52:19.399: Theme parsing error: gtk.css:68:35: The style property GtkButton:child-displacement-x is deprecated and shouldn't be used anymore. It will be removed in a future version

(/usr/lib/firefox/firefox:51919): Gtk-WARNING **: 02:52:19.399: Theme parsing error: gtk.css:69:35: The style property GtkButton:child-displacement-y is deprecated and shouldn't be used anymore. It will be removed in a future version

(/usr/lib/firefox/firefox:51919): Gtk-WARNING **: 02:52:19.399: Theme parsing error: gtk.css:71:36: The style property GtkCheckMenuItem:indicator-size is deprecated and shouldn't be used anymore. It will be removed in a future version

(/usr/lib/firefox/firefox:51919): Gtk-WARNING **: 02:52:19.399: Theme parsing error: gtk.css:76:30: The style property GtkExpander:expander-size is deprecated and shouldn't be used anymore. It will be removed in a future version

(/usr/lib/firefox/firefox:51969): Gtk-WARNING **: 02:52:19.634: Theme parsing error: gtk.css:68:35: The style property GtkButton:child-displacement-x is deprecated and shouldn't be used anymore. It will be removed in a future version

(/usr/lib/firefox/firefox:51969): Gtk-WARNING **: 02:52:19.634: Theme parsing error: gtk.css:69:35: The style property GtkButton:child-displacement-y is deprecated and shouldn't be used anymore. It will be removed in a future version

(/usr/lib/firefox/firefox:51969): Gtk-WARNING **: 02:52:19.634: Theme parsing error: gtk.css:71:36: The style property GtkCheckMenuItem:indicator-size is deprecated and shouldn't be used anymore. It will be removed in a future version

(/usr/lib/firefox/firefox:51969): Gtk-WARNING **: 02:52:19.634: Theme parsing error: gtk.css:76:30: The style property GtkExpander:expander-size is deprecated and shouldn't be used anymore. It will be removed in a future version
1586415140919	Marionette	INFO	Listening on port 33567
1586415141016	Marionette	WARN	TLS certificate errors will be ignored for this session
JavaScript error: resource://gre/actors/ThumbnailsChild.jsm, line 29: InvalidStateError: An attempt was made to use an object that is not, or is no longer, usable
1586415443590	Marionette	INFO	Stopped listening on port 33567
